<?xml version="1.0" encoding="UTF-8"?>
<!-- Generated by org.testng.reporters.JUnitReportReporter -->
<testsuite hostname="DESKTOP-313PUS5" failures="0" tests="1" name="script.tc1" time="13.692" errors="0" timestamp="2022-09-11T23:15:37 IST" skipped="0">
  <testcase classname="script.tc1" name="testcase1" time="13.692"/>
  <system-out/>
</testsuite> <!-- script.tc1 -->
